<?xml version="1.0" encoding="UTF-8"?>
<!-- Generated by org.testng.reporters.JUnitXMLReporter -->
<testsuite ignored="0" hostname="DESKTOP-TN2E3HL" failures="2" tests="5" name="Test" time="79.221" errors="0" timestamp="2025-10-08T15:20:25 GST">
  <testcase classname="testClasses.TC_LoginDDT" name="loginDDT" time="2.957"/>
  <testcase classname="testClasses.TC_LoginDDT" name="loginDDT" time="2.691">
    <failure type="java.lang.AssertionError" message="expected [true] but found [false]">
      <![CDATA[java.lang.AssertionError: expected [true] but found [false]
at testClasses.TC_LoginDDT.loginDDT(TC_LoginDDT.java:78)
at java.base/java.util.ArrayList.forEach(ArrayList.java:1596)
... Removed 29 stack frames]]>
    </failure>
  </testcase> <!-- loginDDT -->
  <testcase classname="testClasses.TC_LoginDDT" name="loginDDT" time="20.809"/>
  <testcase classname="testClasses.TC_LoginDDT" name="loginDDT" time="21.823"/>
  <testcase classname="testClasses.TC_LoginDDT" name="loginDDT" time="24.657">
    <failure type="java.lang.AssertionError" message="expected [true] but found [false]">
      <![CDATA[java.lang.AssertionError: expected [true] but found [false]
at testClasses.TC_LoginDDT.loginDDT(TC_LoginDDT.java:67)
at java.base/java.util.ArrayList.forEach(ArrayList.java:1596)
... Removed 29 stack frames]]>
    </failure>
  </testcase> <!-- loginDDT -->
</testsuite> <!-- Test -->
