<?xml version="1.0" encoding="UTF-8"?>
<!-- Generated by org.testng.reporters.JUnitXMLReporter -->
<testsuite ignored="1" hostname="DESKTOP-TN2E3HL" failures="1" tests="2" name="Test" time="30.733" errors="0" timestamp="2025-10-13T23:56:30 GST">
  <testcase classname="testClasses.TC_RegisterAccount" name="register" time="2.067"/>
  <testcase classname="testClasses.TC_LoginPage" name="login" time="20.956">
    <failure type="java.lang.AssertionError" message="expected [true] but found [false]">
      <![CDATA[java.lang.AssertionError: expected [true] but found [false]
at testClasses.TC_LoginPage.login(TC_LoginPage.java:37)
at java.base/java.util.ArrayList.forEach(ArrayList.java:1596)
... Removed 29 stack frames]]>
    </failure>
  </testcase> <!-- login -->
  <testcase classname="testClasses.TC_LoginDDT" name="loginDDT" time="0.0">
    <ignored/>
  </testcase> <!-- loginDDT -->
</testsuite> <!-- Test -->
