<?xml version="1.0" encoding="UTF-8"?>
<testng-results ignored="0" total="4" passed="4" failed="0" skipped="0">
  <reporter-output>
  </reporter-output>
  <suite started-at="2025-11-02T10:50:02 GST" name="Suite" finished-at="2025-11-02T10:50:57 GST" duration-ms="55096">
    <groups>
      <group name="regression">
        <method signature="TC_RegisterAccount.register()[pri:0, instance:testClasses.TC_RegisterAccount@198b6731]" name="register" class="testClasses.TC_RegisterAccount"/>
        <method signature="TC_RegisterAccount.register()[pri:0, instance:testClasses.TC_RegisterAccount@3c3d9b6b]" name="register" class="testClasses.TC_RegisterAccount"/>
      </group> <!-- regression -->
      <group name="sanity">
        <method signature="TC_LoginPage.login()[pri:0, instance:testClasses.TC_LoginPage@4b2bac3f]" name="login" class="testClasses.TC_LoginPage"/>
        <method signature="TC_LoginPage.login()[pri:0, instance:testClasses.TC_LoginPage@79d8407f]" name="login" class="testClasses.TC_LoginPage"/>
      </group> <!-- sanity -->
      <group name="master">
        <method signature="TC_LoginPage.login()[pri:0, instance:testClasses.TC_LoginPage@4b2bac3f]" name="login" class="testClasses.TC_LoginPage"/>
        <method signature="TC_RegisterAccount.register()[pri:0, instance:testClasses.TC_RegisterAccount@198b6731]" name="register" class="testClasses.TC_RegisterAccount"/>
        <method signature="TC_LoginPage.login()[pri:0, instance:testClasses.TC_LoginPage@79d8407f]" name="login" class="testClasses.TC_LoginPage"/>
        <method signature="TC_RegisterAccount.register()[pri:0, instance:testClasses.TC_RegisterAccount@3c3d9b6b]" name="register" class="testClasses.TC_RegisterAccount"/>
      </group> <!-- master -->
    </groups>
    <test started-at="2025-11-02T10:50:02 GST" name="Linux-Chrome" finished-at="2025-11-02T10:50:22 GST" duration-ms="20118">
      <class name="testClasses.TC_LoginPage">
        <test-method is-config="true" signature="setup(java.lang.String,java.lang.String)[pri:0, instance:testClasses.TC_LoginPage@4b2bac3f]" started-at="2025-11-02T10:50:16 GST" name="setup" finished-at="2025-11-02T10:50:19 GST" duration-ms="2413" status="PASS">
          <params>
            <param index="0">
              <value>
                <![CDATA[Linux]]>
              </value>
            </param>
            <param index="1">
              <value>
                <![CDATA[chrome]]>
              </value>
            </param>
          </params>
          <reporter-output>
          </reporter-output>
        </test-method> <!-- setup -->
        <test-method signature="login()[pri:0, instance:testClasses.TC_LoginPage@4b2bac3f]" started-at="2025-11-02T10:50:19 GST" name="login" finished-at="2025-11-02T10:50:22 GST" duration-ms="2774" status="PASS">
          <reporter-output>
          </reporter-output>
        </test-method> <!-- login -->
        <test-method is-config="true" signature="tearDown()[pri:0, instance:testClasses.TC_LoginPage@4b2bac3f]" started-at="2025-11-02T10:50:22 GST" name="tearDown" finished-at="2025-11-02T10:50:22 GST" duration-ms="127" status="PASS">
          <reporter-output>
          </reporter-output>
        </test-method> <!-- tearDown -->
      </class> <!-- testClasses.TC_LoginPage -->
      <class name="testClasses.TC_RegisterAccount">
        <test-method is-config="true" signature="setup(java.lang.String,java.lang.String)[pri:0, instance:testClasses.TC_RegisterAccount@198b6731]" started-at="2025-11-02T10:50:02 GST" name="setup" finished-at="2025-11-02T10:50:12 GST" duration-ms="9791" status="PASS">
          <params>
            <param index="0">
              <value>
                <![CDATA[Linux]]>
              </value>
            </param>
            <param index="1">
              <value>
                <![CDATA[chrome]]>
              </value>
            </param>
          </params>
          <reporter-output>
          </reporter-output>
        </test-method> <!-- setup -->
        <test-method signature="register()[pri:0, instance:testClasses.TC_RegisterAccount@198b6731]" started-at="2025-11-02T10:50:12 GST" name="register" finished-at="2025-11-02T10:50:16 GST" duration-ms="4423" status="PASS">
          <reporter-output>
          </reporter-output>
        </test-method> <!-- register -->
        <test-method is-config="true" signature="tearDown()[pri:0, instance:testClasses.TC_RegisterAccount@198b6731]" started-at="2025-11-02T10:50:16 GST" name="tearDown" finished-at="2025-11-02T10:50:16 GST" duration-ms="129" status="PASS">
          <reporter-output>
          </reporter-output>
        </test-method> <!-- tearDown -->
      </class> <!-- testClasses.TC_RegisterAccount -->
    </test> <!-- Linux-Chrome -->
    <test started-at="2025-11-02T10:50:24 GST" name="Linux-Firefox" finished-at="2025-11-02T10:50:57 GST" duration-ms="32484">
      <class name="testClasses.TC_LoginPage">
        <test-method is-config="true" signature="setup(java.lang.String,java.lang.String)[pri:0, instance:testClasses.TC_LoginPage@79d8407f]" started-at="2025-11-02T10:50:45 GST" name="setup" finished-at="2025-11-02T10:50:52 GST" duration-ms="7306" status="PASS">
          <params>
            <param index="0">
              <value>
                <![CDATA[Linux]]>
              </value>
            </param>
            <param index="1">
              <value>
                <![CDATA[firefox]]>
              </value>
            </param>
          </params>
          <reporter-output>
          </reporter-output>
        </test-method> <!-- setup -->
        <test-method signature="login()[pri:0, instance:testClasses.TC_LoginPage@79d8407f]" started-at="2025-11-02T10:50:52 GST" name="login" finished-at="2025-11-02T10:50:55 GST" duration-ms="3137" status="PASS">
          <reporter-output>
          </reporter-output>
        </test-method> <!-- login -->
        <test-method is-config="true" signature="tearDown()[pri:0, instance:testClasses.TC_LoginPage@79d8407f]" started-at="2025-11-02T10:50:55 GST" name="tearDown" finished-at="2025-11-02T10:50:57 GST" duration-ms="1394" status="PASS">
          <reporter-output>
          </reporter-output>
        </test-method> <!-- tearDown -->
      </class> <!-- testClasses.TC_LoginPage -->
      <class name="testClasses.TC_RegisterAccount">
        <test-method is-config="true" signature="setup(java.lang.String,java.lang.String)[pri:0, instance:testClasses.TC_RegisterAccount@3c3d9b6b]" started-at="2025-11-02T10:50:24 GST" name="setup" finished-at="2025-11-02T10:50:38 GST" duration-ms="13973" status="PASS">
          <params>
            <param index="0">
              <value>
                <![CDATA[Linux]]>
              </value>
            </param>
            <param index="1">
              <value>
                <![CDATA[firefox]]>
              </value>
            </param>
          </params>
          <reporter-output>
          </reporter-output>
        </test-method> <!-- setup -->
        <test-method signature="register()[pri:0, instance:testClasses.TC_RegisterAccount@3c3d9b6b]" started-at="2025-11-02T10:50:38 GST" name="register" finished-at="2025-11-02T10:50:43 GST" duration-ms="4797" status="PASS">
          <reporter-output>
          </reporter-output>
        </test-method> <!-- register -->
        <test-method is-config="true" signature="tearDown()[pri:0, instance:testClasses.TC_RegisterAccount@3c3d9b6b]" started-at="2025-11-02T10:50:43 GST" name="tearDown" finished-at="2025-11-02T10:50:45 GST" duration-ms="1851" status="PASS">
          <reporter-output>
          </reporter-output>
        </test-method> <!-- tearDown -->
      </class> <!-- testClasses.TC_RegisterAccount -->
    </test> <!-- Linux-Firefox -->
  </suite> <!-- Suite -->
</testng-results>
